Build started 13.11.2012 16:51:59.
     1>Project "C:\projects\task5\UseStackLib\UseStackLib.vcxproj" on node 2 (build target(s)).
     1>InitializeBuildStatus:
         Creating "Debug\UseStackLib.unsuccessfulbuild" because "AlwaysCreate" was specified.
       ClCompile:
         C:\Program Files\Microsoft Visual Studio 10.0\VC\bin\CL.exe /c /ZI /nologo /W3 /WX- /Od /Oy- /D WIN32 /D _DEBUG /D _CONSOLE /D _UNICODE /D UNICODE /Gm /EHsc /RTC1 /MDd /GS /fp:precise /Zc:wchar_t /Zc:forScope /Fo"Debug\\" /Fd"Debug\vc100.pdb" /Gd /TP /analyze- /errorReport:prompt UseStackLib.cpp
         UseStackLib.cpp
       ManifestResourceCompile:
         C:\Program Files\Microsoft SDKs\Windows\v7.0A\bin\rc.exe /nologo /fo"Debug\UseStackLib.exe.embed.manifest.res" Debug\UseStackLib_manifest.rc 
       Link:
         C:\Program Files\Microsoft Visual Studio 10.0\VC\bin\link.exe /ERRORREPORT:PROMPT /OUT:"C:\projects\task5\UseStackDll\Debug\UseStackLib.exe" /INCREMENTAL /NOLOGO kernel32.lib user32.lib gdi32.lib winspool.lib comdlg32.lib advapi32.lib shell32.lib ole32.lib oleaut32.lib uuid.lib odbc32.lib odbccp32.lib /MANIFEST /ManifestFile:"Debug\UseStackLib.exe.intermediate.manifest" /MANIFESTUAC:"level='asInvoker' uiAccess='false'" /DEBUG /PDB:"C:\projects\task5\UseStackDll\Debug\UseStackLib.pdb" /SUBSYSTEM:CONSOLE /TLBID:1 /DYNAMICBASE /NXCOMPAT /IMPLIB:"C:\projects\task5\UseStackDll\Debug\UseStackLib.lib" /MACHINE:X86 Debug\UseStackLib.exe.embed.manifest.res
         Debug\UseStackLib.obj
       Manifest:
         C:\Program Files\Microsoft SDKs\Windows\v7.0A\bin\mt.exe /nologo /verbose /out:"Debug\UseStackLib.exe.embed.manifest" /manifest Debug\UseStackLib.exe.intermediate.manifest
         C:\Program Files\Microsoft SDKs\Windows\v7.0A\bin\rc.exe /nologo /fo"Debug\UseStackLib.exe.embed.manifest.res" Debug\UseStackLib_manifest.rc 
       LinkEmbedManifest:
         C:\Program Files\Microsoft Visual Studio 10.0\VC\bin\link.exe /ERRORREPORT:PROMPT /OUT:"C:\projects\task5\UseStackDll\Debug\UseStackLib.exe" /INCREMENTAL /NOLOGO kernel32.lib user32.lib gdi32.lib winspool.lib comdlg32.lib advapi32.lib shell32.lib ole32.lib oleaut32.lib uuid.lib odbc32.lib odbccp32.lib /MANIFEST /ManifestFile:"Debug\UseStackLib.exe.intermediate.manifest" /MANIFESTUAC:"level='asInvoker' uiAccess='false'" /DEBUG /PDB:"C:\projects\task5\UseStackDll\Debug\UseStackLib.pdb" /SUBSYSTEM:CONSOLE /TLBID:1 /DYNAMICBASE /NXCOMPAT /IMPLIB:"C:\projects\task5\UseStackDll\Debug\UseStackLib.lib" /MACHINE:X86 Debug\UseStackLib.exe.embed.manifest.res
         Debug\UseStackLib.obj
         UseStackLib.vcxproj -> C:\projects\task5\UseStackDll\Debug\UseStackLib.exe
       FinalizeBuildStatus:
         Deleting file "Debug\UseStackLib.unsuccessfulbuild".
         Touching "Debug\UseStackLib.lastbuildstate".
     1>Done Building Project "C:\projects\task5\UseStackLib\UseStackLib.vcxproj" (build target(s)).

Build succeeded.

Time Elapsed 00:00:02.73
