Build started 13.11.2012 16:47:01.
     1>Project "C:\projects\task5\Stack\Stack.vcxproj" on node 2 (rebuild target(s)).
     1>PrepareForBuild:
         Creating directory "C:\projects\task5\UseStackDll\Debug\".
       InitializeBuildStatus:
         Creating "Debug\Stack.unsuccessfulbuild" because "AlwaysCreate" was specified.
       ClCompile:
         C:\Program Files\Microsoft Visual Studio 10.0\VC\bin\CL.exe /c /ZI /nologo /W3 /WX- /Od /Oy- /D WIN32 /D _DEBUG /D _WINDOWS /D _USRDLL /D STACK_EXPORTS /D _WINDLL /D _UNICODE /D UNICODE /Gm /EHsc /RTC1 /MDd /GS /fp:precise /Zc:wchar_t /Zc:forScope /Fo"Debug\\" /Fd"Debug\vc100.pdb" /Gd /TP /analyze- /errorReport:prompt Stack.cpp
         Stack.cpp
       ManifestResourceCompile:
         C:\Program Files\Microsoft SDKs\Windows\v7.0A\bin\rc.exe /nologo /fo"Debug\Stack.dll.embed.manifest.res" Debug\Stack_manifest.rc 
       Link:
         C:\Program Files\Microsoft Visual Studio 10.0\VC\bin\link.exe /ERRORREPORT:PROMPT /OUT:"C:\projects\task5\UseStackDll\Debug\Stack.dll" /INCREMENTAL /NOLOGO kernel32.lib user32.lib gdi32.lib winspool.lib comdlg32.lib advapi32.lib shell32.lib ole32.lib oleaut32.lib uuid.lib odbc32.lib odbccp32.lib /MANIFEST /ManifestFile:"Debug\Stack.dll.intermediate.manifest" /MANIFESTUAC:"level='asInvoker' uiAccess='false'" /DEBUG /PDB:"C:\projects\task5\UseStackDll\Debug\Stack.pdb" /SUBSYSTEM:WINDOWS /TLBID:1 /DYNAMICBASE /NXCOMPAT /IMPLIB:"C:\projects\task5\UseStackDll\Debug\Stack.lib" /MACHINE:X86 /DLL Debug\Stack.dll.embed.manifest.res
         Debug\Stack.obj
            Creating library C:\projects\task5\UseStackDll\Debug\Stack.lib and object C:\projects\task5\UseStackDll\Debug\Stack.exp
       Manifest:
         Deleting file "Debug\Stack.dll.embed.manifest".
         C:\Program Files\Microsoft SDKs\Windows\v7.0A\bin\mt.exe /nologo /verbose /out:"Debug\Stack.dll.embed.manifest" /manifest Debug\Stack.dll.intermediate.manifest
         C:\Program Files\Microsoft SDKs\Windows\v7.0A\bin\rc.exe /nologo /fo"Debug\Stack.dll.embed.manifest.res" Debug\Stack_manifest.rc 
       LinkEmbedManifest:
         C:\Program Files\Microsoft Visual Studio 10.0\VC\bin\link.exe /ERRORREPORT:PROMPT /OUT:"C:\projects\task5\UseStackDll\Debug\Stack.dll" /INCREMENTAL /NOLOGO kernel32.lib user32.lib gdi32.lib winspool.lib comdlg32.lib advapi32.lib shell32.lib ole32.lib oleaut32.lib uuid.lib odbc32.lib odbccp32.lib /MANIFEST /ManifestFile:"Debug\Stack.dll.intermediate.manifest" /MANIFESTUAC:"level='asInvoker' uiAccess='false'" /DEBUG /PDB:"C:\projects\task5\UseStackDll\Debug\Stack.pdb" /SUBSYSTEM:WINDOWS /TLBID:1 /DYNAMICBASE /NXCOMPAT /IMPLIB:"C:\projects\task5\UseStackDll\Debug\Stack.lib" /MACHINE:X86 /DLL Debug\Stack.dll.embed.manifest.res
         Debug\Stack.obj
            Creating library C:\projects\task5\UseStackDll\Debug\Stack.lib and object C:\projects\task5\UseStackDll\Debug\Stack.exp
         Stack.vcxproj -> C:\projects\task5\UseStackDll\Debug\Stack.dll
       FinalizeBuildStatus:
         Deleting file "Debug\Stack.unsuccessfulbuild".
         Touching "Debug\Stack.lastbuildstate".
     1>Done Building Project "C:\projects\task5\Stack\Stack.vcxproj" (rebuild target(s)).

Build succeeded.

Time Elapsed 00:00:02.77
